# JRE version: OpenJDK Runtime Environment (8.0_202-b03) (build 1.8.0_202-release-1483-b03)
# Java VM: OpenJDK 64-Bit Server VM (25.202-b03 mixed mode windows-amd64 compressed oops)
Heap:
 PSYoungGen      total 54784K, used 43981K [0x00000000d6000000, 0x00000000daa00000, 0x0000000100000000)
  eden space 49664K, 78% used [0x00000000d6000000,0x00000000d85f3790,0x00000000d9080000)
  from space 5120K, 99% used [0x00000000da500000,0x00000000da9ffd80,0x00000000daa00000)
  to   space 5120K, 0% used [0x00000000da000000,0x00000000da000000,0x00000000da500000)
 ParOldGen       total 62976K, used 40621K [0x0000000082000000, 0x0000000085d80000, 0x00000000d6000000)
  object space 62976K, 64% used [0x0000000082000000,0x00000000847ab5b0,0x0000000085d80000)
 Metaspace       used 43099K, capacity 43912K, committed 44160K, reserved 1087488K
  class space    used 5245K, capacity 5424K, committed 5504K, reserved 1048576K
GC Heap History (10 events):
Event: 11.513 GC heap before
{Heap before GC invocations=6 (full 1):
 PSYoungGen      total 54784K, used 54772K [0x00000000d6000000, 0x00000000daa00000, 0x0000000100000000)
  eden space 49664K, 100% used [0x00000000d6000000,0x00000000d9080000,0x00000000d9080000)
  from space 5120K, 99% used [0x00000000da500000,0x00000000da9fd310,0x00000000daa00000)
  to   space 5120K, 0% used [0x00000000da000000,0x00000000da000000,0x00000000da500000)
 ParOldGen       total 62976K, used 11106K [0x0000000082000000, 0x0000000085d80000, 0x00000000d6000000)
  object space 62976K, 17% used [0x0000000082000000,0x0000000082ad8b20,0x0000000085d80000)
 Metaspace       used 32360K, capacity 32898K, committed 33280K, reserved 1079296K
  class space    used 4103K, capacity 4253K, committed 4352K, reserved 1048576K
Event: 11.538 GC heap after
Heap after GC invocations=6 (full 1):
 PSYoungGen      total 54784K, used 5090K [0x00000000d6000000, 0x00000000daa00000, 0x0000000100000000)
  eden space 49664K, 0% used [0x00000000d6000000,0x00000000d6000000,0x00000000d9080000)
  from space 5120K, 99% used [0x00000000da000000,0x00000000da4f8918,0x00000000da500000)
  to   space 5120K, 0% used [0x00000000da500000,0x00000000da500000,0x00000000daa00000)
 ParOldGen       total 62976K, used 23292K [0x0000000082000000, 0x0000000085d80000, 0x00000000d6000000)
  object space 62976K, 36% used [0x0000000082000000,0x00000000836bf288,0x0000000085d80000)
 Metaspace       used 32360K, capacity 32898K, committed 33280K, reserved 1079296K
  class space    used 4103K, capacity 4253K, committed 4352K, reserved 1048576K
}
Event: 12.514 GC heap before
{Heap before GC invocations=7 (full 1):
 PSYoungGen      total 54784K, used 16418K [0x00000000d6000000, 0x00000000daa00000, 0x0000000100000000)
  eden space 49664K, 22% used [0x00000000d6000000,0x00000000d6b0ff30,0x00000000d9080000)
  from space 5120K, 99% used [0x00000000da000000,0x00000000da4f8918,0x00000000da500000)
  to   space 5120K, 0% used [0x00000000da500000,0x00000000da500000,0x00000000daa00000)
 ParOldGen       total 62976K, used 23292K [0x0000000082000000, 0x0000000085d80000, 0x00000000d6000000)
  object space 62976K, 36% used [0x0000000082000000,0x00000000836bf288,0x0000000085d80000)
 Metaspace       used 34789K, capacity 35378K, committed 35496K, reserved 1081344K
  class space    used 4421K, capacity 4571K, committed 4608K, reserved 1048576K
Event: 12.539 GC heap after
Heap after GC invocations=7 (full 1):
 PSYoungGen      total 54784K, used 5090K [0x00000000d6000000, 0x00000000daa00000, 0x0000000100000000)
  eden space 49664K, 0% used [0x00000000d6000000,0x00000000d6000000,0x00000000d9080000)
  from space 5120K, 99% used [0x00000000da500000,0x00000000da9f8918,0x00000000daa00000)
  to   space 5120K, 0% used [0x00000000da000000,0x00000000da000000,0x00000000da500000)
 ParOldGen       total 62976K, used 26109K [0x0000000082000000, 0x0000000085d80000, 0x00000000d6000000)
  object space 62976K, 41% used [0x0000000082000000,0x000000008397f768,0x0000000085d80000)
 Metaspace       used 34789K, capacity 35378K, committed 35496K, reserved 1081344K
  class space    used 4421K, capacity 4571K, committed 4608K, reserved 1048576K
}
Event: 12.539 GC heap before
{Heap before GC invocations=8 (full 2):
 PSYoungGen      total 54784K, used 5090K [0x00000000d6000000, 0x00000000daa00000, 0x0000000100000000)
  eden space 49664K, 0% used [0x00000000d6000000,0x00000000d6000000,0x00000000d9080000)
  from space 5120K, 99% used [0x00000000da500000,0x00000000da9f8918,0x00000000daa00000)
  to   space 5120K, 0% used [0x00000000da000000,0x00000000da000000,0x00000000da500000)
 ParOldGen       total 62976K, used 26109K [0x0000000082000000, 0x0000000085d80000, 0x00000000d6000000)
  object space 62976K, 41% used [0x0000000082000000,0x000000008397f768,0x0000000085d80000)
 Metaspace       used 34789K, capacity 35378K, committed 35496K, reserved 1081344K
  class space    used 4421K, capacity 4571K, committed 4608K, reserved 1048576K
Event: 12.869 GC heap after
Heap after GC invocations=8 (full 2):
 PSYoungGen      total 54784K, used 0K [0x00000000d6000000, 0x00000000daa00000, 0x0000000100000000)
  eden space 49664K, 0% used [0x00000000d6000000,0x00000000d6000000,0x00000000d9080000)
  from space 5120K, 0% used [0x00000000da500000,0x00000000da500000,0x00000000daa00000)
  to   space 5120K, 0% used [0x00000000da000000,0x00000000da000000,0x00000000da500000)
 ParOldGen       total 62976K, used 25514K [0x0000000082000000, 0x0000000085d80000, 0x00000000d6000000)
  object space 62976K, 40% used [0x0000000082000000,0x00000000838eab28,0x0000000085d80000)
 Metaspace       used 34789K, capacity 35378K, committed 35496K, reserved 1081344K
  class space    used 4421K, capacity 4571K, committed 4608K, reserved 1048576K
}
Event: 14.849 GC heap before
{Heap before GC invocations=9 (full 2):
 PSYoungGen      total 54784K, used 49664K [0x00000000d6000000, 0x00000000daa00000, 0x0000000100000000)
  eden space 49664K, 100% used [0x00000000d6000000,0x00000000d9080000,0x00000000d9080000)
  from space 5120K, 0% used [0x00000000da500000,0x00000000da500000,0x00000000daa00000)
  to   space 5120K, 0% used [0x00000000da000000,0x00000000da000000,0x00000000da500000)
 ParOldGen       total 62976K, used 25514K [0x0000000082000000, 0x0000000085d80000, 0x00000000d6000000)
  object space 62976K, 40% used [0x0000000082000000,0x00000000838eab28,0x0000000085d80000)
 Metaspace       used 38634K, capacity 39292K, committed 39680K, reserved 1083392K
  class space    used 4861K, capacity 5036K, committed 5120K, reserved 1048576K
Event: 14.874 GC heap after
Heap after GC invocations=9 (full 2):
 PSYoungGen      total 54784K, used 5116K [0x00000000d6000000, 0x00000000daa00000, 0x0000000100000000)
  eden space 49664K, 0% used [0x00000000d6000000,0x00000000d6000000,0x00000000d9080000)
  from space 5120K, 99% used [0x00000000da000000,0x00000000da4ff090,0x00000000da500000)
  to   space 5120K, 0% used [0x00000000da500000,0x00000000da500000,0x00000000daa00000)
 ParOldGen       total 62976K, used 30306K [0x0000000082000000, 0x0000000085d80000, 0x00000000d6000000)
  object space 62976K, 48% used [0x0000000082000000,0x0000000083d98838,0x0000000085d80000)
 Metaspace       used 38634K, capacity 39292K, committed 39680K, reserved 1083392K
  class space    used 4861K, capacity 5036K, committed 5120K, reserved 1048576K
}
Event: 17.055 GC heap before
{Heap before GC invocations=10 (full 2):
 PSYoungGen      total 54784K, used 54780K [0x00000000d6000000, 0x00000000daa00000, 0x0000000100000000)
  eden space 49664K, 100% used [0x00000000d6000000,0x00000000d9080000,0x00000000d9080000)
  from space 5120K, 99% used [0x00000000da000000,0x00000000da4ff090,0x00000000da500000)
  to   space 5120K, 0% used [0x00000000da500000,0x00000000da500000,0x00000000daa00000)
 ParOldGen       total 62976K, used 30306K [0x0000000082000000, 0x0000000085d80000, 0x00000000d6000000)
  object space 62976K, 48% used [0x0000000082000000,0x0000000083d98838,0x0000000085d80000)
 Metaspace       used 42335K, capacity 43018K, committed 43264K, reserved 1087488K
  class space    used 5179K, capacity 5347K, committed 5376K, reserved 1048576K
Event: 17.083 GC heap after
Heap after GC invocations=10 (full 2):
 PSYoungGen      total 54784K, used 5119K [0x00000000d6000000, 0x00000000daa00000, 0x0000000100000000)
  eden space 49664K, 0% used [0x00000000d6000000,0x00000000d6000000,0x00000000d9080000)
  from space 5120K, 99% used [0x00000000da500000,0x00000000da9ffd80,0x00000000daa00000)
  to   space 5120K, 0% used [0x00000000da000000,0x00000000da000000,0x00000000da500000)
 ParOldGen       total 62976K, used 40621K [0x0000000082000000, 0x0000000085d80000, 0x00000000d6000000)
  object space 62976K, 64% used [0x0000000082000000,0x00000000847ab5b0,0x0000000085d80000)
 Metaspace       used 42335K, capacity 43018K, committed 43264K, reserved 1087488K
  class space    used 5179K, capacity 5347K, committed 5376K, reserved 1048576K
}

