# JRE version: OpenJDK Runtime Environment (8.0_202-b03) (build 1.8.0_202-release-1483-b03)
# Java VM: OpenJDK 64-Bit Server VM (25.202-b03 mixed mode windows-amd64 compressed oops)
Heap:
 PSYoungGen      total 70656K, used 38074K [0x00000000d6000000, 0x00000000dbf80000, 0x0000000100000000)
  eden space 55808K, 47% used [0x00000000d6000000,0x00000000d79d85f0,0x00000000d9680000)
  from space 14848K, 78% used [0x00000000d9680000,0x00000000da1d6600,0x00000000da500000)
  to   space 14848K, 0% used [0x00000000db100000,0x00000000db100000,0x00000000dbf80000)
 ParOldGen       total 66048K, used 18048K [0x0000000082000000, 0x0000000086080000, 0x00000000d6000000)
  object space 66048K, 27% used [0x0000000082000000,0x00000000831a03d8,0x0000000086080000)
 Metaspace       used 41330K, capacity 42036K, committed 42240K, reserved 1085440K
  class space    used 5152K, capacity 5344K, committed 5376K, reserved 1048576K
GC Heap History (10 events):
Event: 9.316 GC heap before
{Heap before GC invocations=5 (full 1):
 PSYoungGen      total 37888K, used 32768K [0x00000000d6000000, 0x00000000daa00000, 0x0000000100000000)
  eden space 32768K, 100% used [0x00000000d6000000,0x00000000d8000000,0x00000000d8000000)
  from space 5120K, 0% used [0x00000000d8000000,0x00000000d8000000,0x00000000d8500000)
  to   space 5120K, 0% used [0x00000000da500000,0x00000000da500000,0x00000000daa00000)
 ParOldGen       total 66048K, used 9001K [0x0000000082000000, 0x0000000086080000, 0x00000000d6000000)
  object space 66048K, 13% used [0x0000000082000000,0x00000000828ca798,0x0000000086080000)
 Metaspace       used 24015K, capacity 24506K, committed 24576K, reserved 1071104K
  class space    used 2873K, capacity 3028K, committed 3072K, reserved 1048576K
Event: 9.330 GC heap after
Heap after GC invocations=5 (full 1):
 PSYoungGen      total 50688K, used 5118K [0x00000000d6000000, 0x00000000daa00000, 0x0000000100000000)
  eden space 45568K, 0% used [0x00000000d6000000,0x00000000d6000000,0x00000000d8c80000)
  from space 5120K, 99% used [0x00000000da500000,0x00000000da9ffa38,0x00000000daa00000)
  to   space 5120K, 0% used [0x00000000da000000,0x00000000da000000,0x00000000da500000)
 ParOldGen       total 66048K, used 11098K [0x0000000082000000, 0x0000000086080000, 0x00000000d6000000)
  object space 66048K, 16% used [0x0000000082000000,0x0000000082ad6af8,0x0000000086080000)
 Metaspace       used 24015K, capacity 24506K, committed 24576K, reserved 1071104K
  class space    used 2873K, capacity 3028K, committed 3072K, reserved 1048576K
}
Event: 10.931 GC heap before
{Heap before GC invocations=6 (full 1):
 PSYoungGen      total 50688K, used 50686K [0x00000000d6000000, 0x00000000daa00000, 0x0000000100000000)
  eden space 45568K, 100% used [0x00000000d6000000,0x00000000d8c80000,0x00000000d8c80000)
  from space 5120K, 99% used [0x00000000da500000,0x00000000da9ffa38,0x00000000daa00000)
  to   space 5120K, 0% used [0x00000000da000000,0x00000000da000000,0x00000000da500000)
 ParOldGen       total 66048K, used 11098K [0x0000000082000000, 0x0000000086080000, 0x00000000d6000000)
  object space 66048K, 16% used [0x0000000082000000,0x0000000082ad6af8,0x0000000086080000)
 Metaspace       used 31697K, capacity 32256K, committed 32384K, reserved 1077248K
  class space    used 4013K, capacity 4188K, committed 4224K, reserved 1048576K
Event: 10.951 GC heap after
Heap after GC invocations=6 (full 1):
 PSYoungGen      total 50688K, used 5090K [0x00000000d6000000, 0x00000000daa00000, 0x0000000100000000)
  eden space 45568K, 0% used [0x00000000d6000000,0x00000000d6000000,0x00000000d8c80000)
  from space 5120K, 99% used [0x00000000da000000,0x00000000da4f8918,0x00000000da500000)
  to   space 5120K, 0% used [0x00000000da500000,0x00000000da500000,0x00000000daa00000)
 ParOldGen       total 66048K, used 22101K [0x0000000082000000, 0x0000000086080000, 0x00000000d6000000)
  object space 66048K, 33% used [0x0000000082000000,0x00000000835956a8,0x0000000086080000)
 Metaspace       used 31697K, capacity 32256K, committed 32384K, reserved 1077248K
  class space    used 4013K, capacity 4188K, committed 4224K, reserved 1048576K
}
Event: 12.897 GC heap before
{Heap before GC invocations=7 (full 1):
 PSYoungGen      total 50688K, used 19476K [0x00000000d6000000, 0x00000000daa00000, 0x0000000100000000)
  eden space 45568K, 31% used [0x00000000d6000000,0x00000000d6e0c9b0,0x00000000d8c80000)
  from space 5120K, 99% used [0x00000000da000000,0x00000000da4f8918,0x00000000da500000)
  to   space 5120K, 0% used [0x00000000da500000,0x00000000da500000,0x00000000daa00000)
 ParOldGen       total 66048K, used 22101K [0x0000000082000000, 0x0000000086080000, 0x00000000d6000000)
  object space 66048K, 33% used [0x0000000082000000,0x00000000835956a8,0x0000000086080000)
 Metaspace       used 34794K, capacity 35366K, committed 35496K, reserved 1081344K
  class space    used 4410K, capacity 4569K, committed 4608K, reserved 1048576K
Event: 12.932 GC heap after
Heap after GC invocations=7 (full 1):
 PSYoungGen      total 60928K, used 5090K [0x00000000d6000000, 0x00000000dbb00000, 0x0000000100000000)
  eden space 55808K, 0% used [0x00000000d6000000,0x00000000d6000000,0x00000000d9680000)
  from space 5120K, 99% used [0x00000000da500000,0x00000000da9f8918,0x00000000daa00000)
  to   space 14848K, 0% used [0x00000000d9680000,0x00000000d9680000,0x00000000da500000)
 ParOldGen       total 66048K, used 25961K [0x0000000082000000, 0x0000000086080000, 0x00000000d6000000)
  object space 66048K, 39% used [0x0000000082000000,0x000000008395a4e0,0x0000000086080000)
 Metaspace       used 34794K, capacity 35366K, committed 35496K, reserved 1081344K
  class space    used 4410K, capacity 4569K, committed 4608K, reserved 1048576K
}
Event: 12.932 GC heap before
{Heap before GC invocations=8 (full 2):
 PSYoungGen      total 60928K, used 5090K [0x00000000d6000000, 0x00000000dbb00000, 0x0000000100000000)
  eden space 55808K, 0% used [0x00000000d6000000,0x00000000d6000000,0x00000000d9680000)
  from space 5120K, 99% used [0x00000000da500000,0x00000000da9f8918,0x00000000daa00000)
  to   space 14848K, 0% used [0x00000000d9680000,0x00000000d9680000,0x00000000da500000)
 ParOldGen       total 66048K, used 25961K [0x0000000082000000, 0x0000000086080000, 0x00000000d6000000)
  object space 66048K, 39% used [0x0000000082000000,0x000000008395a4e0,0x0000000086080000)
 Metaspace       used 34794K, capacity 35366K, committed 35496K, reserved 1081344K
  class space    used 4410K, capacity 4569K, committed 4608K, reserved 1048576K
Event: 13.352 GC heap after
Heap after GC invocations=8 (full 2):
 PSYoungGen      total 60928K, used 0K [0x00000000d6000000, 0x00000000dbb00000, 0x0000000100000000)
  eden space 55808K, 0% used [0x00000000d6000000,0x00000000d6000000,0x00000000d9680000)
  from space 5120K, 0% used [0x00000000da500000,0x00000000da500000,0x00000000daa00000)
  to   space 14848K, 0% used [0x00000000d9680000,0x00000000d9680000,0x00000000da500000)
 ParOldGen       total 66048K, used 18048K [0x0000000082000000, 0x0000000086080000, 0x00000000d6000000)
  object space 66048K, 27% used [0x0000000082000000,0x00000000831a03d8,0x0000000086080000)
 Metaspace       used 34794K, capacity 35366K, committed 35496K, reserved 1081344K
  class space    used 4410K, capacity 4569K, committed 4608K, reserved 1048576K
}
Event: 16.734 GC heap before
{Heap before GC invocations=9 (full 2):
 PSYoungGen      total 60928K, used 55808K [0x00000000d6000000, 0x00000000dbb00000, 0x0000000100000000)
  eden space 55808K, 100% used [0x00000000d6000000,0x00000000d9680000,0x00000000d9680000)
  from space 5120K, 0% used [0x00000000da500000,0x00000000da500000,0x00000000daa00000)
  to   space 14848K, 0% used [0x00000000d9680000,0x00000000d9680000,0x00000000da500000)
 ParOldGen       total 66048K, used 18048K [0x0000000082000000, 0x0000000086080000, 0x00000000d6000000)
  object space 66048K, 27% used [0x0000000082000000,0x00000000831a03d8,0x0000000086080000)
 Metaspace       used 39559K, capacity 40238K, committed 40576K, reserved 1085440K
  class space    used 4968K, capacity 5139K, committed 5248K, reserved 1048576K
Event: 16.762 GC heap after
Heap after GC invocations=9 (full 2):
 PSYoungGen      total 70656K, used 11609K [0x00000000d6000000, 0x00000000dbf80000, 0x0000000100000000)
  eden space 55808K, 0% used [0x00000000d6000000,0x00000000d6000000,0x00000000d9680000)
  from space 14848K, 78% used [0x00000000d9680000,0x00000000da1d6600,0x00000000da500000)
  to   space 14848K, 0% used [0x00000000db100000,0x00000000db100000,0x00000000dbf80000)
 ParOldGen       total 66048K, used 18048K [0x0000000082000000, 0x0000000086080000, 0x00000000d6000000)
  object space 66048K, 27% used [0x0000000082000000,0x00000000831a03d8,0x0000000086080000)
 Metaspace       used 39559K, capacity 40238K, committed 40576K, reserved 1085440K
  class space    used 4968K, capacity 5139K, committed 5248K, reserved 1048576K
}

