# JRE version: OpenJDK Runtime Environment (8.0_202-b03) (build 1.8.0_202-release-1483-b03)
# Java VM: OpenJDK 64-Bit Server VM (25.202-b03 mixed mode windows-amd64 compressed oops)
Heap:
 PSYoungGen      total 201728K, used 100838K [0x00000000e0000000, 0x00000000edd80000, 0x0000000100000000)
  eden space 182272K, 44% used [0x00000000e0000000,0x00000000e4f7c408,0x00000000eb200000)
  from space 19456K, 99% used [0x00000000ec500000,0x00000000ed7fd4c0,0x00000000ed800000)
  to   space 19456K, 0% used [0x00000000eb200000,0x00000000eb200000,0x00000000ec500000)
 ParOldGen       total 131584K, used 42528K [0x00000000a0000000, 0x00000000a8080000, 0x00000000e0000000)
  object space 131584K, 32% used [0x00000000a0000000,0x00000000a2988108,0x00000000a8080000)
 Metaspace       used 68744K, capacity 71370K, committed 71512K, reserved 1112064K
  class space    used 9307K, capacity 9855K, committed 9856K, reserved 1048576K
GC Heap History (10 events):
Event: 36.672 GC heap before
{Heap before GC invocations=13 (full 2):
 PSYoungGen      total 151040K, used 151023K [0x00000000e0000000, 0x00000000ea580000, 0x0000000100000000)
  eden space 139264K, 100% used [0x00000000e0000000,0x00000000e8800000,0x00000000e8800000)
  from space 11776K, 99% used [0x00000000e9a00000,0x00000000ea57bd68,0x00000000ea580000)
  to   space 14336K, 0% used [0x00000000e8980000,0x00000000e8980000,0x00000000e9780000)
 ParOldGen       total 87552K, used 21531K [0x00000000a0000000, 0x00000000a5580000, 0x00000000e0000000)
  object space 87552K, 24% used [0x00000000a0000000,0x00000000a1506d20,0x00000000a5580000)
 Metaspace       used 54551K, capacity 56222K, committed 56448K, reserved 1097728K
  class space    used 7383K, capacity 7762K, committed 7808K, reserved 1048576K
Event: 36.741 GC heap after
Heap after GC invocations=13 (full 2):
 PSYoungGen      total 155136K, used 14331K [0x00000000e0000000, 0x00000000ed800000, 0x0000000100000000)
  eden space 140800K, 0% used [0x00000000e0000000,0x00000000e0000000,0x00000000e8980000)
  from space 14336K, 99% used [0x00000000e8980000,0x00000000e977ed78,0x00000000e9780000)
  to   space 19456K, 0% used [0x00000000ec500000,0x00000000ec500000,0x00000000ed800000)
 ParOldGen       total 87552K, used 30440K [0x00000000a0000000, 0x00000000a5580000, 0x00000000e0000000)
  object space 87552K, 34% used [0x00000000a0000000,0x00000000a1dba1a8,0x00000000a5580000)
 Metaspace       used 54551K, capacity 56222K, committed 56448K, reserved 1097728K
  class space    used 7383K, capacity 7762K, committed 7808K, reserved 1048576K
}
Event: 38.998 GC heap before
{Heap before GC invocations=14 (full 2):
 PSYoungGen      total 155136K, used 56730K [0x00000000e0000000, 0x00000000ed800000, 0x0000000100000000)
  eden space 140800K, 30% used [0x00000000e0000000,0x00000000e2967d50,0x00000000e8980000)
  from space 14336K, 99% used [0x00000000e8980000,0x00000000e977ed78,0x00000000e9780000)
  to   space 19456K, 0% used [0x00000000ec500000,0x00000000ec500000,0x00000000ed800000)
 ParOldGen       total 87552K, used 30440K [0x00000000a0000000, 0x00000000a5580000, 0x00000000e0000000)
  object space 87552K, 34% used [0x00000000a0000000,0x00000000a1dba1a8,0x00000000a5580000)
 Metaspace       used 57278K, capacity 59018K, committed 59096K, reserved 1099776K
  class space    used 7734K, capacity 8115K, committed 8192K, reserved 1048576K
Event: 39.059 GC heap after
Heap after GC invocations=14 (full 2):
 PSYoungGen      total 201728K, used 3678K [0x00000000e0000000, 0x00000000edd80000, 0x0000000100000000)
  eden space 182272K, 0% used [0x00000000e0000000,0x00000000e0000000,0x00000000eb200000)
  from space 19456K, 18% used [0x00000000ec500000,0x00000000ec897b78,0x00000000ed800000)
  to   space 19456K, 0% used [0x00000000eb200000,0x00000000eb200000,0x00000000ec500000)
 ParOldGen       total 87552K, used 37770K [0x00000000a0000000, 0x00000000a5580000, 0x00000000e0000000)
  object space 87552K, 43% used [0x00000000a0000000,0x00000000a24e2a38,0x00000000a5580000)
 Metaspace       used 57278K, capacity 59018K, committed 59096K, reserved 1099776K
  class space    used 7734K, capacity 8115K, committed 8192K, reserved 1048576K
}
Event: 39.059 GC heap before
{Heap before GC invocations=15 (full 3):
 PSYoungGen      total 201728K, used 3678K [0x00000000e0000000, 0x00000000edd80000, 0x0000000100000000)
  eden space 182272K, 0% used [0x00000000e0000000,0x00000000e0000000,0x00000000eb200000)
  from space 19456K, 18% used [0x00000000ec500000,0x00000000ec897b78,0x00000000ed800000)
  to   space 19456K, 0% used [0x00000000eb200000,0x00000000eb200000,0x00000000ec500000)
 ParOldGen       total 87552K, used 37770K [0x00000000a0000000, 0x00000000a5580000, 0x00000000e0000000)
  object space 87552K, 43% used [0x00000000a0000000,0x00000000a24e2a38,0x00000000a5580000)
 Metaspace       used 57278K, capacity 59018K, committed 59096K, reserved 1099776K
  class space    used 7734K, capacity 8115K, committed 8192K, reserved 1048576K
Event: 39.960 GC heap after
Heap after GC invocations=15 (full 3):
 PSYoungGen      total 201728K, used 0K [0x00000000e0000000, 0x00000000edd80000, 0x0000000100000000)
  eden space 182272K, 0% used [0x00000000e0000000,0x00000000e0000000,0x00000000eb200000)
  from space 19456K, 0% used [0x00000000ec500000,0x00000000ec500000,0x00000000ed800000)
  to   space 19456K, 0% used [0x00000000eb200000,0x00000000eb200000,0x00000000ec500000)
 ParOldGen       total 131584K, used 31943K [0x00000000a0000000, 0x00000000a8080000, 0x00000000e0000000)
  object space 131584K, 24% used [0x00000000a0000000,0x00000000a1f31d10,0x00000000a8080000)
 Metaspace       used 57267K, capacity 58982K, committed 59096K, reserved 1099776K
  class space    used 7731K, capacity 8109K, committed 8192K, reserved 1048576K
}
Event: 43.925 GC heap before
{Heap before GC invocations=16 (full 3):
 PSYoungGen      total 201728K, used 182272K [0x00000000e0000000, 0x00000000edd80000, 0x0000000100000000)
  eden space 182272K, 100% used [0x00000000e0000000,0x00000000eb200000,0x00000000eb200000)
  from space 19456K, 0% used [0x00000000ec500000,0x00000000ec500000,0x00000000ed800000)
  to   space 19456K, 0% used [0x00000000eb200000,0x00000000eb200000,0x00000000ec500000)
 ParOldGen       total 131584K, used 31943K [0x00000000a0000000, 0x00000000a8080000, 0x00000000e0000000)
  object space 131584K, 24% used [0x00000000a0000000,0x00000000a1f31d10,0x00000000a8080000)
 Metaspace       used 60647K, capacity 62574K, committed 62680K, reserved 1103872K
  class space    used 8262K, capacity 8697K, committed 8704K, reserved 1048576K
Event: 43.968 GC heap after
Heap after GC invocations=16 (full 3):
 PSYoungGen      total 201728K, used 17849K [0x00000000e0000000, 0x00000000edd80000, 0x0000000100000000)
  eden space 182272K, 0% used [0x00000000e0000000,0x00000000e0000000,0x00000000eb200000)
  from space 19456K, 91% used [0x00000000eb200000,0x00000000ec36e618,0x00000000ec500000)
  to   space 19456K, 0% used [0x00000000ec500000,0x00000000ec500000,0x00000000ed800000)
 ParOldGen       total 131584K, used 31943K [0x00000000a0000000, 0x00000000a8080000, 0x00000000e0000000)
  object space 131584K, 24% used [0x00000000a0000000,0x00000000a1f31d10,0x00000000a8080000)
 Metaspace       used 60647K, capacity 62574K, committed 62680K, reserved 1103872K
  class space    used 8262K, capacity 8697K, committed 8704K, reserved 1048576K
}
Event: 50.758 GC heap before
{Heap before GC invocations=17 (full 3):
 PSYoungGen      total 201728K, used 200121K [0x00000000e0000000, 0x00000000edd80000, 0x0000000100000000)
  eden space 182272K, 100% used [0x00000000e0000000,0x00000000eb200000,0x00000000eb200000)
  from space 19456K, 91% used [0x00000000eb200000,0x00000000ec36e618,0x00000000ec500000)
  to   space 19456K, 0% used [0x00000000ec500000,0x00000000ec500000,0x00000000ed800000)
 ParOldGen       total 131584K, used 31943K [0x00000000a0000000, 0x00000000a8080000, 0x00000000e0000000)
  object space 131584K, 24% used [0x00000000a0000000,0x00000000a1f31d10,0x00000000a8080000)
 Metaspace       used 66647K, capacity 68956K, committed 69208K, reserved 1110016K
  class space    used 9047K, capacity 9570K, committed 9600K, reserved 1048576K
Event: 50.864 GC heap after
Heap after GC invocations=17 (full 3):
 PSYoungGen      total 201728K, used 19445K [0x00000000e0000000, 0x00000000edd80000, 0x0000000100000000)
  eden space 182272K, 0% used [0x00000000e0000000,0x00000000e0000000,0x00000000eb200000)
  from space 19456K, 99% used [0x00000000ec500000,0x00000000ed7fd4c0,0x00000000ed800000)
  to   space 19456K, 0% used [0x00000000eb200000,0x00000000eb200000,0x00000000ec500000)
 ParOldGen       total 131584K, used 42528K [0x00000000a0000000, 0x00000000a8080000, 0x00000000e0000000)
  object space 131584K, 32% used [0x00000000a0000000,0x00000000a2988108,0x00000000a8080000)
 Metaspace       used 66647K, capacity 68956K, committed 69208K, reserved 1110016K
  class space    used 9047K, capacity 9570K, committed 9600K, reserved 1048576K
}

